#
# There is insufficient memory for the Java Runtime Environment to continue.
# Native memory allocation (mmap) failed to map 31457280 bytes for G1 virtual space
# Possible reasons:
#   The system is out of physical RAM or swap space
#   The process is running with CompressedOops enabled, and the Java Heap may be blocking the growth of the native heap
# Possible solutions:
#   Reduce memory load on the system
#   Increase physical memory or swap space
#   Check if swap backing store is full
#   Decrease Java heap size (-Xmx/-Xms)
#   Decrease number of Java threads
#   Decrease Java thread stack sizes (-Xss)
#   Set larger code cache with -XX:ReservedCodeCacheSize=
#   JVM is running with Unscaled Compressed Oops mode in which the Java heap is
#     placed in the first 4GB address space. The Java Heap base address is the
#     maximum limit for the native heap growth. Please use -XX:HeapBaseMinAddress
#     to set the Java Heap base and to place the Java Heap above 4GB virtual address.
# This output file may be truncated or incomplete.
#
#  Out of Memory Error (os_windows.cpp:3535), pid=7772, tid=9196
#
# JRE version:  (17.0.4.1+1) (build )
# Java VM: Java HotSpot(TM) 64-Bit Server VM (17.0.4.1+1-LTS-2, mixed mode, sharing, tiered, compressed oops, compressed class ptrs, g1 gc, windows-amd64)
# No core dump will be written. Minidumps are not enabled by default on client versions of Windows
#

---------------  S U M M A R Y ------------

Command Line: -Dfile.encoding=UTF-8 --module-path=C:\Users\micai\eclipse-workspace\tecnicas_de_programacao-2022.2\prova1\bin -XX:+ShowCodeDetailsInExceptionMessages -Djdk.module.main=prova1 prova1/avaliacaodegoleiros.Apresentacao

Host: Intel(R) Atom(TM) x5-Z8300  CPU @ 1.44GHz, 4 cores, 1G,  Windows 10 , 64 bit Build 19041 (10.0.19041.1706)
Time: Sun Oct 23 23:28:17 2022 Hora Padrão de Buenos Aires elapsed time: 0.100950 seconds (0d 0h 0m 0s)

---------------  T H R E A D  ---------------

Current thread (0x00000162088dc210):  JavaThread "Unknown thread" [_thread_in_vm, id=9196, stack(0x0000004364900000,0x0000004364a00000)]

Stack: [0x0000004364900000,0x0000004364a00000]
Native frames: (J=compiled Java code, j=interpreted, Vv=VM code, C=native code)
V  [jvm.dll+0x6723ba]
V  [jvm.dll+0x7d1e34]
V  [jvm.dll+0x7d35de]
V  [jvm.dll+0x7d3c43]
V  [jvm.dll+0x243065]
V  [jvm.dll+0x66f2d9]
V  [jvm.dll+0x663c22]
V  [jvm.dll+0x3011cb]
V  [jvm.dll+0x308766]
V  [jvm.dll+0x35846e]
V  [jvm.dll+0x35869f]
V  [jvm.dll+0x2d83e8]
V  [jvm.dll+0x2d9354]
V  [jvm.dll+0x7a3911]
V  [jvm.dll+0x3662c1]
V  [jvm.dll+0x782d7c]
V  [jvm.dll+0x3e8c1f]
V  [jvm.dll+0x3ea6c1]
C  [jli.dll+0x527b]
C  [ucrtbase.dll+0x21bb2]
C  [KERNEL32.DLL+0x17034]
C  [ntdll.dll+0x52651]


---------------  P R O C E S S  ---------------

Threads class SMR info:
_java_thread_list=0x00007ff93014a858, length=0, elements={
}

Java Threads: ( => current thread )

Other Threads:
  0x0000016208908990 GCTaskThread "GC Thread#0" [stack: 0x0000004364a00000,0x0000004364b00000] [id=9008]
  0x000001620890fa60 ConcurrentGCThread "G1 Main Marker" [stack: 0x0000004364b00000,0x0000004364c00000] [id=8204]
  0x0000016208910a90 ConcurrentGCThread "G1 Conc#0" [stack: 0x0000004364c00000,0x0000004364d00000] [id=8352]

[error occurred during error reporting (printing all threads), id 0xc0000005, EXCEPTION_ACCESS_VIOLATION (0xc0000005) at pc=0x00007ff92f998dd7]

VM state: not at safepoint (not fully initialized)

VM Mutex/Monitor currently owned by a thread:  ([mutex/lock_event])
[0x00000162088d8ac0] Heap_lock - owner thread: 0x00000162088dc210

Heap address: 0x00000000e2200000, size: 478 MB, Compressed Oops mode: 32-bit

CDS archive(s) mapped at: [0x0000000000000000-0x0000000000000000-0x0000000000000000), size 0, SharedBaseAddress: 0x0000000800000000, ArchiveRelocationMode: 0.
Narrow klass base: 0x0000000000000000, Narrow klass shift: 0, Narrow klass range: 0x0

GC Precious Log:
<Empty>

Heap:
 garbage-first heap   total 0K, used 0K [0x00000000e2200000, 0x0000000100000000)
  region size 1024K, 0 young (0K), 0 survivors (0K)

[error occurred during error reporting (printing heap information), id 0xc0000005, EXCEPTION_ACCESS_VIOLATION (0xc0000005) at pc=0x00007ff92fd7b869]

GC Heap History (0 events):
No events

Deoptimization events (0 events):
No events

Classes unloaded (0 events):
No events

Classes redefined (0 events):
No events

Internal exceptions (0 events):
No events

VM Operations (0 events):
No events

Events (1 events):
Event: 0.056 Loaded shared library C:\Program Files\Java\jdk-17.0.4.1\bin\java.dll


Dynamic libraries:
0x00007ff69bbd0000 - 0x00007ff69bbe0000 	C:\Program Files\Java\jdk-17.0.4.1\bin\javaw.exe
0x00007ff96d1d0000 - 0x00007ff96d3c5000 	C:\WINDOWS\SYSTEM32\ntdll.dll
0x00007ff96cc80000 - 0x00007ff96cd3d000 	C:\WINDOWS\System32\KERNEL32.DLL
0x00007ff96ad50000 - 0x00007ff96b01d000 	C:\WINDOWS\System32\KERNELBASE.dll
0x00007ff96aa40000 - 0x00007ff96ab40000 	C:\WINDOWS\System32\ucrtbase.dll
0x00007ff933ec0000 - 0x00007ff933eda000 	C:\Program Files\Java\jdk-17.0.4.1\bin\VCRUNTIME140.dll
0x00007ff9343f0000 - 0x00007ff934408000 	C:\Program Files\Java\jdk-17.0.4.1\bin\jli.dll
0x00007ff96b8b0000 - 0x00007ff96b95e000 	C:\WINDOWS\System32\ADVAPI32.dll
0x00007ff96b530000 - 0x00007ff96b5ce000 	C:\WINDOWS\System32\msvcrt.dll
0x00007ff96cbe0000 - 0x00007ff96cc7c000 	C:\WINDOWS\System32\sechost.dll
0x00007ff96b5d0000 - 0x00007ff96b6f5000 	C:\WINDOWS\System32\RPCRT4.dll
0x00007ff96be60000 - 0x00007ff96c000000 	C:\WINDOWS\System32\USER32.dll
0x00007ff958550000 - 0x00007ff9587ea000 	C:\WINDOWS\WinSxS\amd64_microsoft.windows.common-controls_6595b64144ccf1df_6.0.19041.1110_none_60b5254171f9507e\COMCTL32.dll
0x00007ff96b980000 - 0x00007ff96b9aa000 	C:\WINDOWS\System32\GDI32.dll
0x00007ff96b020000 - 0x00007ff96b042000 	C:\WINDOWS\System32\win32u.dll
0x00007ff96b050000 - 0x00007ff96b15b000 	C:\WINDOWS\System32\gdi32full.dll
0x00007ff96abf0000 - 0x00007ff96ac8d000 	C:\WINDOWS\System32\msvcp_win.dll
0x00007ff95a770000 - 0x00007ff95a77a000 	C:\WINDOWS\SYSTEM32\VERSION.dll
0x00007ff96b9b0000 - 0x00007ff96b9e0000 	C:\WINDOWS\System32\IMM32.DLL
0x00007ff933ea0000 - 0x00007ff933eac000 	C:\Program Files\Java\jdk-17.0.4.1\bin\vcruntime140_1.dll
0x00007ff933bd0000 - 0x00007ff933c5d000 	C:\Program Files\Java\jdk-17.0.4.1\bin\msvcp140.dll
0x00007ff92f6b0000 - 0x00007ff930272000 	C:\Program Files\Java\jdk-17.0.4.1\bin\server\jvm.dll
0x00007ff96cb20000 - 0x00007ff96cb28000 	C:\WINDOWS\System32\PSAPI.DLL
0x00007ff969060000 - 0x00007ff969069000 	C:\WINDOWS\SYSTEM32\WSOCK32.dll
0x00007ff951410000 - 0x00007ff951437000 	C:\WINDOWS\SYSTEM32\WINMM.dll
0x00007ff96c360000 - 0x00007ff96c3cb000 	C:\WINDOWS\System32\WS2_32.dll
0x00007ff969170000 - 0x00007ff969182000 	C:\WINDOWS\SYSTEM32\kernel.appcore.dll
0x00007ff933e70000 - 0x00007ff933e7a000 	C:\Program Files\Java\jdk-17.0.4.1\bin\jimage.dll
0x00007ff968e50000 - 0x00007ff969034000 	C:\WINDOWS\SYSTEM32\DBGHELP.DLL
0x00007ff958800000 - 0x00007ff95882c000 	C:\WINDOWS\SYSTEM32\dbgcore.DLL
0x00007ff96b190000 - 0x00007ff96b212000 	C:\WINDOWS\System32\bcryptPrimitives.dll
0x00007ff9335a0000 - 0x00007ff9335c5000 	C:\Program Files\Java\jdk-17.0.4.1\bin\java.dll

dbghelp: loaded successfully - version: 4.0.5 - missing functions: none
symbol engine: initialized successfully - sym options: 0x614 - pdb path: .;C:\Program Files\Java\jdk-17.0.4.1\bin;C:\WINDOWS\SYSTEM32;C:\WINDOWS\WinSxS\amd64_microsoft.windows.common-controls_6595b64144ccf1df_6.0.19041.1110_none_60b5254171f9507e;C:\Program Files\Java\jdk-17.0.4.1\bin\server

VM Arguments:
jvm_args: -Dfile.encoding=UTF-8 --module-path=C:\Users\micai\eclipse-workspace\tecnicas_de_programacao-2022.2\prova1\bin -XX:+ShowCodeDetailsInExceptionMessages -Djdk.module.main=prova1 
java_command: prova1/avaliacaodegoleiros.Apresentacao
java_class_path (initial): <not set>
Launcher Type: SUN_STANDARD

[Global flags]
     intx CICompilerCount                          = 3                                         {product} {ergonomic}
     uint ConcGCThreads                            = 1                                         {product} {ergonomic}
     uint G1ConcRefinementThreads                  = 4                                         {product} {ergonomic}
   size_t G1HeapRegionSize                         = 1048576                                   {product} {ergonomic}
    uintx GCDrainStackTargetSize                   = 64                                        {product} {ergonomic}
   size_t InitialHeapSize                          = 31457280                                  {product} {ergonomic}
   size_t MarkStackSize                            = 4194304                                   {product} {ergonomic}
   size_t MaxHeapSize                              = 501219328                                 {product} {ergonomic}
   size_t MinHeapDeltaBytes                        = 1048576                                   {product} {ergonomic}
   size_t MinHeapSize                              = 8388608                                   {product} {ergonomic}
    uintx NonNMethodCodeHeapSize                   = 5832780                                {pd product} {ergonomic}
    uintx NonProfiledCodeHeapSize                  = 122912730                              {pd product} {ergonomic}
    uintx ProfiledCodeHeapSize                     = 122912730                              {pd product} {ergonomic}
    uintx ReservedCodeCacheSize                    = 251658240                              {pd product} {ergonomic}
     bool SegmentedCodeCache                       = true                                      {product} {ergonomic}
     bool ShowCodeDetailsInExceptionMessages       = true                                   {manageable} {command line}
   size_t SoftMaxHeapSize                          = 501219328                              {manageable} {ergonomic}
     bool UseCompressedClassPointers               = true                           {product lp64_product} {ergonomic}
     bool UseCompressedOops                        = true                           {product lp64_product} {ergonomic}
     bool UseG1GC                                  = true                                      {product} {ergonomic}
     bool UseLargePagesIndividualAllocation        = false                                  {pd product} {ergonomic}

Logging:
Log output configuration:
 #0: stdout all=warning uptime,level,tags
 #1: stderr all=off uptime,level,tags

Environment Variables:
PATH=C:\Program Files\Common Files\Oracle\Java\javapath;C:\WINDOWS\system32;C:\WINDOWS;C:\WINDOWS\System32\Wbem;C:\WINDOWS\System32\WindowsPowerShell\v1.0\;C:\WINDOWS\System32\OpenSSH\;C:\Users\micai\AppData\Local\Microsoft\WindowsApps;
USERNAME=micai
OS=Windows_NT
PROCESSOR_IDENTIFIER=Intel64 Family 6 Model 76 Stepping 3, GenuineIntel



---------------  S Y S T E M  ---------------

OS:
 Windows 10 , 64 bit Build 19041 (10.0.19041.1706)
OS uptime: 0 days 5:39 hours

CPU: total 4 (initial active 4) (4 cores per cpu, 1 threads per core) family 6 model 76 stepping 3 microcode 0x368, cx8, cmov, fxsr, mmx, 3dnowpref, sse, sse2, sse3, ssse3, sse4.1, sse4.2, popcnt, tsc, tscinvbit, aes, erms, clmul, clflush

Memory: 4k page, system-wide physical 1908M (496M free)
TotalPageFile size 5559M (AvailPageFile size 30M)
current process WorkingSet (physical memory assigned to process): 9M, peak: 9M
current process commit charge ("private bytes"): 51M, peak: 81M

vm_info: Java HotSpot(TM) 64-Bit Server VM (17.0.4.1+1-LTS-2) for windows-amd64 JRE (17.0.4.1+1-LTS-2), built on Aug 16 2022 18:32:06 by "mach5one" with MS VC++ 16.8 / 16.9 (VS2019)

END.
